#! /usr/share/iverilog-0.9.7/bin/vvp
:ivl_version "0.9.7 " "(v0_9_6)";
:vpi_time_precision + 0;
:vpi_module "system";
:vpi_module "v2005_math";
:vpi_module "va_math";
S_0x27574d0 .scope module, "tb" "tb" 2 3;
 .timescale 0 0;
v0x277c810_0 .net "f", 0 0, v0x2767970_0; 1 drivers
v0x277c900_0 .var "s", 1 0;
v0x277c980_0 .var "w", 3 0;
S_0x2757230 .scope module, "tb" "mux4to1" 2 8, 3 16, S_0x27574d0;
 .timescale 0 0;
RS_0x7f730eae5258 .resolv tri, L_0x277cd10, L_0x277d120, C4<zz>, C4<zz>;
v0x277c570_0 .net8 "c", 1 0, RS_0x7f730eae5258; 2 drivers
v0x277c630_0 .alias "f", 0 0, v0x277c810_0;
v0x277c6e0_0 .net "s", 1 0, v0x277c900_0; 1 drivers
v0x277c760_0 .net "w", 3 0, v0x277c980_0; 1 drivers
L_0x277ca30 .part v0x277c980_0, 0, 1;
L_0x277cb50 .part v0x277c980_0, 1, 1;
L_0x277cbf0 .part v0x277c900_0, 0, 1;
L_0x277cd10 .part/pv v0x277c2c0_0, 0, 1, 2;
L_0x277ce10 .part v0x277c980_0, 2, 1;
L_0x277cf70 .part v0x277c980_0, 3, 1;
L_0x277d080 .part v0x277c900_0, 0, 1;
L_0x277d120 .part/pv v0x277beb0_0, 1, 1, 2;
L_0x277d210 .part RS_0x7f730eae5258, 0, 1;
L_0x277d2e0 .part RS_0x7f730eae5258, 1, 1;
L_0x277d4a0 .part v0x277c900_0, 1, 1;
S_0x277c160 .scope module, "x1" "mux2to1" 3 23, 3 2, S_0x2757230;
 .timescale 0 0;
v0x277c2c0_0 .var "f", 0 0;
v0x277c380_0 .net "s", 0 0, L_0x277cbf0; 1 drivers
v0x277c420_0 .net "w0", 0 0, L_0x277ca30; 1 drivers
v0x277c4c0_0 .net "w1", 0 0, L_0x277cb50; 1 drivers
E_0x277c250 .event edge, v0x277c380_0, v0x277c420_0, v0x277c4c0_0;
S_0x277bd50 .scope module, "x2" "mux2to1" 3 25, 3 2, S_0x2757230;
 .timescale 0 0;
v0x277beb0_0 .var "f", 0 0;
v0x277bf70_0 .net "s", 0 0, L_0x277d080; 1 drivers
v0x277c010_0 .net "w0", 0 0, L_0x277ce10; 1 drivers
v0x277c0b0_0 .net "w1", 0 0, L_0x277cf70; 1 drivers
E_0x277be40 .event edge, v0x277bf70_0, v0x277c010_0, v0x277c0b0_0;
S_0x2745e00 .scope module, "x3" "mux2to1" 3 27, 3 2, S_0x2757230;
 .timescale 0 0;
v0x2767970_0 .var "f", 0 0;
v0x277bb60_0 .net "s", 0 0, L_0x277d4a0; 1 drivers
v0x277bc00_0 .net "w0", 0 0, L_0x277d210; 1 drivers
v0x277bca0_0 .net "w1", 0 0, L_0x277d2e0; 1 drivers
E_0x2745320 .event edge, v0x277bb60_0, v0x277bc00_0, v0x277bca0_0;
    .scope S_0x277c160;
T_0 ;
    %wait E_0x277c250;
    %load/v 8, v0x277c380_0, 1;
    %mov 9, 0, 1;
    %cmpi/u 8, 0, 2;
    %jmp/0xz  T_0.0, 4;
    %load/v 8, v0x277c420_0, 1;
    %set/v v0x277c2c0_0, 8, 1;
    %jmp T_0.1;
T_0.0 ;
    %load/v 8, v0x277c4c0_0, 1;
    %set/v v0x277c2c0_0, 8, 1;
T_0.1 ;
    %jmp T_0;
    .thread T_0, $push;
    .scope S_0x277bd50;
T_1 ;
    %wait E_0x277be40;
    %load/v 8, v0x277bf70_0, 1;
    %mov 9, 0, 1;
    %cmpi/u 8, 0, 2;
    %jmp/0xz  T_1.0, 4;
    %load/v 8, v0x277c010_0, 1;
    %set/v v0x277beb0_0, 8, 1;
    %jmp T_1.1;
T_1.0 ;
    %load/v 8, v0x277c0b0_0, 1;
    %set/v v0x277beb0_0, 8, 1;
T_1.1 ;
    %jmp T_1;
    .thread T_1, $push;
    .scope S_0x2745e00;
T_2 ;
    %wait E_0x2745320;
    %load/v 8, v0x277bb60_0, 1;
    %mov 9, 0, 1;
    %cmpi/u 8, 0, 2;
    %jmp/0xz  T_2.0, 4;
    %load/v 8, v0x277bc00_0, 1;
    %set/v v0x2767970_0, 8, 1;
    %jmp T_2.1;
T_2.0 ;
    %load/v 8, v0x277bca0_0, 1;
    %set/v v0x2767970_0, 8, 1;
T_2.1 ;
    %jmp T_2;
    .thread T_2, $push;
    .scope S_0x27574d0;
T_3 ;
    %set/v v0x277c980_0, 2, 4;
    %set/v v0x277c900_0, 0, 2;
    %movi 8, 20, 6;
T_3.0 %cmp/s 0, 8, 6;
    %jmp/0xz T_3.1, 5;
    %add 8, 1, 6;
    %delay 5, 0;
    %vpi_func 2 18 "$random", 14, 32;
    %set/v v0x277c980_0, 14, 4;
    %vpi_func 2 19 "$random", 14, 32;
    %set/v v0x277c900_0, 14, 2;
    %jmp T_3.0;
T_3.1 ;
    %end;
    .thread T_3;
    .scope S_0x27574d0;
T_4 ;
    %vpi_call 2 25 "$monitor", $time, " W: %b S: %b f:%b", v0x277c980_0, v0x277c900_0, v0x277c810_0;
    %vpi_call 2 26 "$dumpfile", "dump.vcd";
    %vpi_call 2 27 "$dumpvars", 2'sb01;
    %end;
    .thread T_4;
# The file index is used to find the file name in the following table.
:file_names 4;
    "N/A";
    "<interactive>";
    "testbench.sv";
    "design.sv";
