#! /usr/share/iverilog-0.9.7/bin/vvp
:ivl_version "0.9.7 " "(v0_9_6)";
:vpi_time_precision - 12;
:vpi_module "system";
:vpi_module "v2005_math";
:vpi_module "va_math";
S_0x16f9700 .scope module, "testbench" "testbench" 2 4;
 .timescale -10 -12;
v0x170ffe0_0 .net "Z", 0 0, v0x170fc70_0; 1 drivers
v0x1710080_0 .var "clk", 0 0;
v0x1710130_0 .var "d", 0 0;
v0x17101e0_0 .var "reset", 0 0;
S_0x16f97f0 .scope module, "x1" "seq_detector" 2 8, 3 2, S_0x16f9700;
 .timescale 0 0;
P_0x16e6dc8 .param/l "S0" 3 9, C4<001>;
P_0x16e6df0 .param/l "S01" 3 9, C4<010>;
P_0x16e6e18 .param/l "S010" 3 9, C4<011>;
P_0x16e6e40 .param/l "S0101" 3 9, C4<100>;
P_0x16e6e68 .param/l "SI" 3 9, C4<000>;
v0x16e6ea0_0 .var "Y", 2 0;
v0x170fc70_0 .var "Z", 0 0;
v0x170fd10_0 .net "clk", 0 0, v0x1710080_0; 1 drivers
v0x170fdb0_0 .net "d", 0 0, v0x1710130_0; 1 drivers
v0x170fe60_0 .net "reset", 0 0, v0x17101e0_0; 1 drivers
v0x170ff00_0 .var "y", 2 0;
E_0x16f4500 .event negedge, v0x170fe60_0;
E_0x16e44b0 .event posedge, v0x170fd10_0;
E_0x16e5e30 .event edge, v0x170ff00_0, v0x170fdb0_0;
    .scope S_0x16f97f0;
T_0 ;
    %wait E_0x16e5e30;
    %load/v 8, v0x170ff00_0, 3;
    %cmpi/u 8, 0, 3;
    %jmp/1 T_0.0, 6;
    %cmpi/u 8, 1, 3;
    %jmp/1 T_0.1, 6;
    %cmpi/u 8, 2, 3;
    %jmp/1 T_0.2, 6;
    %cmpi/u 8, 3, 3;
    %jmp/1 T_0.3, 6;
    %cmpi/u 8, 4, 3;
    %jmp/1 T_0.4, 6;
    %set/v v0x170fc70_0, 3, 1;
    %set/v v0x16e6ea0_0, 0, 3;
    %jmp T_0.6;
T_0.0 ;
    %load/v 8, v0x170fdb0_0, 1;
    %mov 9, 0, 1;
    %cmpi/u 8, 0, 2;
    %jmp/0xz  T_0.7, 4;
    %movi 8, 1, 3;
    %set/v v0x16e6ea0_0, 8, 3;
    %set/v v0x170fc70_0, 0, 1;
    %jmp T_0.8;
T_0.7 ;
    %set/v v0x16e6ea0_0, 0, 3;
    %set/v v0x170fc70_0, 0, 1;
T_0.8 ;
    %jmp T_0.6;
T_0.1 ;
    %load/v 8, v0x170fdb0_0, 1;
    %mov 9, 0, 1;
    %cmpi/u 8, 0, 2;
    %jmp/0xz  T_0.9, 4;
    %movi 8, 1, 3;
    %set/v v0x16e6ea0_0, 8, 3;
    %set/v v0x170fc70_0, 0, 1;
    %jmp T_0.10;
T_0.9 ;
    %movi 8, 2, 3;
    %set/v v0x16e6ea0_0, 8, 3;
    %set/v v0x170fc70_0, 0, 1;
T_0.10 ;
    %jmp T_0.6;
T_0.2 ;
    %load/v 8, v0x170fdb0_0, 1;
    %mov 9, 0, 1;
    %cmpi/u 8, 0, 2;
    %jmp/0xz  T_0.11, 4;
    %movi 8, 3, 3;
    %set/v v0x16e6ea0_0, 8, 3;
    %set/v v0x170fc70_0, 0, 1;
    %jmp T_0.12;
T_0.11 ;
    %set/v v0x16e6ea0_0, 0, 3;
    %set/v v0x170fc70_0, 0, 1;
T_0.12 ;
    %jmp T_0.6;
T_0.3 ;
    %load/v 8, v0x170fdb0_0, 1;
    %mov 9, 0, 1;
    %cmpi/u 8, 0, 2;
    %jmp/0xz  T_0.13, 4;
    %movi 8, 1, 3;
    %set/v v0x16e6ea0_0, 8, 3;
    %set/v v0x170fc70_0, 0, 1;
    %jmp T_0.14;
T_0.13 ;
    %movi 8, 4, 3;
    %set/v v0x16e6ea0_0, 8, 3;
    %set/v v0x170fc70_0, 0, 1;
T_0.14 ;
    %jmp T_0.6;
T_0.4 ;
    %load/v 8, v0x170fdb0_0, 1;
    %mov 9, 0, 1;
    %cmpi/u 8, 0, 2;
    %jmp/0xz  T_0.15, 4;
    %movi 8, 3, 3;
    %set/v v0x16e6ea0_0, 8, 3;
    %set/v v0x170fc70_0, 1, 1;
    %jmp T_0.16;
T_0.15 ;
    %set/v v0x16e6ea0_0, 0, 3;
    %set/v v0x170fc70_0, 1, 1;
T_0.16 ;
    %jmp T_0.6;
T_0.6 ;
    %jmp T_0;
    .thread T_0, $push;
    .scope S_0x16f97f0;
T_1 ;
    %wait E_0x16e44b0;
    %load/v 8, v0x16e6ea0_0, 3;
    %set/v v0x170ff00_0, 8, 3;
    %jmp T_1;
    .thread T_1;
    .scope S_0x16f97f0;
T_2 ;
    %wait E_0x16f4500;
    %set/v v0x170ff00_0, 0, 3;
    %jmp T_2;
    .thread T_2;
    .scope S_0x16f9700;
T_3 ;
    %delay 500, 0;
    %load/v 8, v0x1710080_0, 1;
    %inv 8, 1;
    %set/v v0x1710080_0, 8, 1;
    %jmp T_3;
    .thread T_3;
    .scope S_0x16f9700;
T_4 ;
    %set/v v0x1710080_0, 0, 1;
    %set/v v0x17101e0_0, 1, 1;
    %delay 500, 0;
    %set/v v0x17101e0_0, 0, 1;
    %delay 1000, 0;
    %set/v v0x1710130_0, 1, 1;
    %delay 1000, 0;
    %set/v v0x1710130_0, 0, 1;
    %delay 1000, 0;
    %set/v v0x1710130_0, 1, 1;
    %delay 1000, 0;
    %set/v v0x1710130_0, 0, 1;
    %delay 1000, 0;
    %set/v v0x1710130_0, 1, 1;
    %delay 1000, 0;
    %set/v v0x17101e0_0, 0, 1;
    %delay 1000, 0;
    %set/v v0x17101e0_0, 1, 1;
    %delay 1000, 0;
    %set/v v0x1710130_0, 1, 1;
    %delay 1000, 0;
    %set/v v0x1710130_0, 0, 1;
    %delay 1000, 0;
    %set/v v0x1710130_0, 1, 1;
    %delay 1000, 0;
    %set/v v0x1710130_0, 0, 1;
    %delay 1000, 0;
    %set/v v0x1710130_0, 1, 1;
    %end;
    .thread T_4;
    .scope S_0x16f9700;
T_5 ;
    %vpi_call 2 33 "$dumpfile", "dump.vcd";
    %vpi_call 2 34 "$dumpvars", 2'sb01;
    %vpi_call 2 35 "$monitor", $time, "d: %b  Z: %b reset: %b", v0x1710130_0, v0x170ffe0_0, v0x17101e0_0;
    %delay 15000, 0;
    %vpi_call 2 36 "$finish";
    %end;
    .thread T_5;
# The file index is used to find the file name in the following table.
:file_names 4;
    "N/A";
    "<interactive>";
    "testbench.sv";
    "design.sv";
