#! /usr/share/iverilog-0.9.7/bin/vvp
:ivl_version "0.9.7 " "(v0_9_6)";
:vpi_time_precision + 0;
:vpi_module "system";
:vpi_module "v2005_math";
:vpi_module "va_math";
S_0xacc210 .scope module, "tb" "tb" 2 4;
 .timescale 0 0;
v0xadd5d0_0 .var "D", 0 0;
v0xadd6a0_0 .net "Q", 0 0, v0xadd3e0_0; 1 drivers
v0xadd750_0 .var "clk", 0 0;
v0xadd800_0 .var "reset", 0 0;
S_0xacc300 .scope module, "ex" "D_ff" 2 10, 3 2, S_0xacc210;
 .timescale 0 0;
v0xaaa1a0_0 .net "D", 0 0, v0xadd5d0_0; 1 drivers
v0xadd3e0_0 .var "Q", 0 0;
v0xadd480_0 .net "clk", 0 0, v0xadd750_0; 1 drivers
v0xadd520_0 .net "reset", 0 0, v0xadd800_0; 1 drivers
E_0xaa90b0/0 .event edge, v0xadd520_0;
E_0xaa90b0/1 .event posedge, v0xadd480_0;
E_0xaa90b0 .event/or E_0xaa90b0/0, E_0xaa90b0/1;
    .scope S_0xacc300;
T_0 ;
    %wait E_0xaa90b0;
    %load/v 8, v0xadd520_0, 1;
    %mov 9, 0, 1;
    %cmpi/u 8, 0, 2;
    %jmp/0xz  T_0.0, 4;
    %ix/load 0, 1, 0;
    %assign/v0 v0xadd3e0_0, 0, 0;
    %jmp T_0.1;
T_0.0 ;
    %load/v 8, v0xaaa1a0_0, 1;
    %ix/load 0, 1, 0;
    %assign/v0 v0xadd3e0_0, 0, 8;
T_0.1 ;
    %jmp T_0;
    .thread T_0;
    .scope S_0xacc210;
T_1 ;
    %delay 5, 0;
    %load/v 8, v0xadd750_0, 1;
    %inv 8, 1;
    %set/v v0xadd750_0, 8, 1;
    %jmp T_1;
    .thread T_1;
    .scope S_0xacc210;
T_2 ;
    %set/v v0xadd750_0, 0, 1;
    %end;
    .thread T_2;
    .scope S_0xacc210;
T_3 ;
    %delay 2, 0;
    %set/v v0xadd5d0_0, 0, 1;
    %set/v v0xadd800_0, 1, 1;
    %movi 8, 10, 5;
T_3.0 %cmp/s 0, 8, 5;
    %jmp/0xz T_3.1, 5;
    %add 8, 1, 5;
    %delay 5, 0;
    %vpi_func 2 28 "$random", 13, 32;
    %set/v v0xadd5d0_0, 13, 1;
    %vpi_func 2 29 "$random", 13, 32;
    %set/v v0xadd800_0, 13, 1;
    %jmp T_3.0;
T_3.1 ;
    %end;
    .thread T_3;
    .scope S_0xacc210;
T_4 ;
    %vpi_call 2 37 "$dumpfile", "dump.vcd";
    %vpi_call 2 38 "$dumpvars", 2'sb01;
    %vpi_call 2 39 "$monitor", $time, " D: %b Q: %b reset: %b clk:%b", v0xadd5d0_0, v0xadd6a0_0, v0xadd800_0, v0xadd750_0;
    %delay 50, 0;
    %vpi_call 2 40 "$finish";
    %end;
    .thread T_4;
# The file index is used to find the file name in the following table.
:file_names 4;
    "N/A";
    "<interactive>";
    "testbench.sv";
    "design.sv";
