#! /usr/share/iverilog-0.9.7/bin/vvp
:ivl_version "0.9.7 " "(v0_9_6)";
:vpi_time_precision + 0;
:vpi_module "system";
:vpi_module "v2005_math";
:vpi_module "va_math";
S_0xd4a120 .scope module, "tb" "tb" 2 3;
 .timescale 0 0;
v0xd5c390_0 .var "clk", 0 0;
v0xd5c430_0 .var "div", 3 0;
v0xd5c4e0_0 .net "f", 0 0, v0xd5c210_0; 1 drivers
v0xd5c590_0 .var "reset", 0 0;
S_0xd4a210 .scope module, "x1" "counter" 2 9, 3 2, S_0xd4a120;
 .timescale 0 0;
v0xd37440_0 .net "clk", 0 0, v0xd5c390_0; 1 drivers
v0xd5bf80_0 .var "counter", 3 0;
v0xd5c020_0 .var "counter_1", 3 0;
v0xd5c0c0_0 .var "counter_2", 3 0;
v0xd5c170_0 .net "div", 3 0, v0xd5c430_0; 1 drivers
v0xd5c210_0 .var "f", 0 0;
v0xd5c2f0_0 .net "reset", 0 0, v0xd5c590_0; 1 drivers
E_0xd26f00 .event edge, v0xd5c0c0_0, v0xd5c020_0;
E_0xd47500 .event negedge, v0xd37440_0;
E_0xd265c0 .event posedge, v0xd37440_0;
E_0xd26660 .event edge, v0xd5c2f0_0;
    .scope S_0xd4a210;
T_0 ;
    %wait E_0xd26660;
    %load/v 8, v0xd5c2f0_0, 1;
    %mov 9, 0, 1;
    %cmpi/u 8, 0, 2;
    %jmp/0xz  T_0.0, 4;
    %set/v v0xd5c210_0, 0, 1;
    %set/v v0xd5c020_0, 0, 4;
    %set/v v0xd5c0c0_0, 0, 4;
    %set/v v0xd5bf80_0, 0, 4;
T_0.0 ;
    %jmp T_0;
    .thread T_0, $push;
    .scope S_0xd4a210;
T_1 ;
    %wait E_0xd265c0;
    %load/v 8, v0xd5c020_0, 4;
    %mov 12, 0, 28;
    %addi 8, 1, 32;
    %set/v v0xd5c020_0, 8, 4;
    %jmp T_1;
    .thread T_1;
    .scope S_0xd4a210;
T_2 ;
    %wait E_0xd47500;
    %load/v 8, v0xd5c0c0_0, 4;
    %mov 12, 0, 28;
    %addi 8, 1, 32;
    %set/v v0xd5c0c0_0, 8, 4;
    %jmp T_2;
    .thread T_2;
    .scope S_0xd4a210;
T_3 ;
    %wait E_0xd26f00;
    %load/v 8, v0xd5c020_0, 4;
    %load/v 12, v0xd5c0c0_0, 4;
    %add 8, 12, 4;
    %set/v v0xd5bf80_0, 8, 4;
    %load/v 8, v0xd5bf80_0, 4;
    %load/v 12, v0xd5c170_0, 4;
    %cmp/u 8, 12, 4;
    %jmp/0xz  T_3.0, 4;
    %set/v v0xd5bf80_0, 0, 4;
    %set/v v0xd5c020_0, 0, 4;
    %set/v v0xd5c0c0_0, 0, 4;
    %load/v 8, v0xd5c210_0, 1;
    %inv 8, 1;
    %set/v v0xd5c210_0, 8, 1;
T_3.0 ;
    %jmp T_3;
    .thread T_3, $push;
    .scope S_0xd4a120;
T_4 ;
    %set/v v0xd5c390_0, 0, 1;
    %set/v v0xd5c590_0, 0, 1;
    %movi 8, 8, 4;
    %set/v v0xd5c430_0, 8, 4;
    %delay 2, 0;
    %set/v v0xd5c590_0, 1, 1;
    %end;
    .thread T_4;
    .scope S_0xd4a120;
T_5 ;
    %delay 5, 0;
    %load/v 8, v0xd5c390_0, 1;
    %inv 8, 1;
    %set/v v0xd5c390_0, 8, 1;
    %jmp T_5;
    .thread T_5;
    .scope S_0xd4a120;
T_6 ;
    %vpi_call 2 25 "$monitor", $time, "div:%d f: %b", v0xd5c430_0, v0xd5c4e0_0;
    %vpi_call 2 26 "$dumpfile", "dump.vcd";
    %vpi_call 2 27 "$dumpvars", 2'sb01;
    %delay 200, 0;
    %vpi_call 2 28 "$finish";
    %end;
    .thread T_6;
# The file index is used to find the file name in the following table.
:file_names 4;
    "N/A";
    "<interactive>";
    "testbench.sv";
    "design.sv";
